2026-02-09 12:34:49,883 [INFO] === Core Gene Identification ===
2026-02-09 12:34:49,883 [INFO] CPUs: 43
2026-02-09 12:34:49,883 [INFO] Bacterial HMM: /home/tianrm/projects/magicc2/85_bcg.hmm (85 models)
2026-02-09 12:34:49,883 [INFO] Archaeal HMM: /home/tianrm/projects/magicc2/uacg.hmm (128 models)
2026-02-09 12:34:49,883 [INFO] 
--- Bacterial Core Gene Identification ---
2026-02-09 12:34:49,891 [INFO] Processing 1000 Bacteria genomes with 43 workers
2026-02-09 12:34:49,891 [INFO] HMM: /home/tianrm/projects/magicc2/85_bcg.hmm
2026-02-09 12:34:49,891 [INFO] Output: /home/tianrm/projects/magicc2/data/kmer_selection/bacterial_core_genes
2026-02-09 12:35:48,811 [INFO]   Bacteria: 100/1000 (10.0%) - 1.7 genomes/sec - ETA: 530s
2026-02-09 12:36:21,741 [INFO]   Bacteria: 200/1000 (20.0%) - 2.2 genomes/sec - ETA: 367s
2026-02-09 12:37:07,624 [INFO]   Bacteria: 300/1000 (30.0%) - 2.2 genomes/sec - ETA: 321s
2026-02-09 12:38:05,402 [INFO]   Bacteria: 400/1000 (40.0%) - 2.0 genomes/sec - ETA: 293s
2026-02-09 12:38:26,978 [INFO]   Bacteria: 500/1000 (50.0%) - 2.3 genomes/sec - ETA: 217s
2026-02-09 12:39:04,316 [INFO]   Bacteria: 600/1000 (60.0%) - 2.4 genomes/sec - ETA: 170s
2026-02-09 12:39:37,767 [INFO]   Bacteria: 700/1000 (70.0%) - 2.4 genomes/sec - ETA: 123s
2026-02-09 12:40:09,300 [INFO]   Bacteria: 800/1000 (80.0%) - 2.5 genomes/sec - ETA: 80s
2026-02-09 12:40:45,593 [INFO]   Bacteria: 900/1000 (90.0%) - 2.5 genomes/sec - ETA: 40s
2026-02-09 12:41:56,234 [INFO]   Bacteria: 1000/1000 (100.0%) - 2.3 genomes/sec - ETA: 0s
2026-02-09 12:41:56,267 [INFO]   Bacteria: Completed in 426.3s (2.3 genomes/sec)
2026-02-09 12:41:56,278 [INFO] 
--- Archaeal Core Gene Identification ---
2026-02-09 12:41:56,287 [INFO] Processing 1000 Archaea genomes with 43 workers
2026-02-09 12:41:56,288 [INFO] HMM: /home/tianrm/projects/magicc2/uacg.hmm
2026-02-09 12:41:56,288 [INFO] Output: /home/tianrm/projects/magicc2/data/kmer_selection/archaeal_core_genes
2026-02-09 12:42:57,446 [INFO]   Archaea: 100/1000 (10.0%) - 1.6 genomes/sec - ETA: 550s
2026-02-09 12:43:43,909 [INFO]   Archaea: 200/1000 (20.0%) - 1.9 genomes/sec - ETA: 430s
2026-02-09 12:44:31,178 [INFO]   Archaea: 300/1000 (30.0%) - 1.9 genomes/sec - ETA: 361s
2026-02-09 12:45:07,615 [INFO]   Archaea: 400/1000 (40.0%) - 2.1 genomes/sec - ETA: 287s
2026-02-09 12:45:35,361 [INFO]   Archaea: 500/1000 (50.0%) - 2.3 genomes/sec - ETA: 219s
2026-02-09 12:45:59,795 [INFO]   Archaea: 600/1000 (60.0%) - 2.5 genomes/sec - ETA: 162s
2026-02-09 12:46:19,365 [INFO]   Archaea: 700/1000 (70.0%) - 2.7 genomes/sec - ETA: 113s
2026-02-09 12:46:43,245 [INFO]   Archaea: 800/1000 (80.0%) - 2.8 genomes/sec - ETA: 72s
2026-02-09 12:47:07,521 [INFO]   Archaea: 900/1000 (90.0%) - 2.9 genomes/sec - ETA: 35s
2026-02-09 12:47:24,733 [INFO]   Archaea: 1000/1000 (100.0%) - 3.0 genomes/sec - ETA: 0s
2026-02-09 12:47:24,776 [INFO]   Archaea: Completed in 328.4s (3.0 genomes/sec)
2026-02-09 12:47:24,796 [INFO] 
=== Summary ===
2026-02-09 12:47:24,796 [INFO] 
Bacteria:
2026-02-09 12:47:24,796 [INFO]   Genomes processed: 1000/1000
2026-02-09 12:47:24,796 [INFO]   Core genes per genome: mean=83.3, median=84.0, min=50, max=89
2026-02-09 12:47:24,796 [INFO]   Genomes with zero hits: 0
2026-02-09 12:47:24,796 [INFO]   Elapsed: 426.3s
2026-02-09 12:47:24,797 [INFO] 
Archaea:
2026-02-09 12:47:24,797 [INFO]   Genomes processed: 1000/1000
2026-02-09 12:47:24,797 [INFO]   Core genes per genome: mean=127.9, median=129.0, min=80, max=138
2026-02-09 12:47:24,797 [INFO]   Genomes with zero hits: 0
2026-02-09 12:47:24,797 [INFO]   Elapsed: 328.4s
